<?xml version='1.0' encoding='UTF-8'?>
<testsuite hostname="naseem-Satellite-C850-B177" name="tests.JsTest" tests="1" errors="0" failures="1" skipped="0" time="0.004">
                     <properties>
      <property name="jline.esc.timeout" value="0"/><property name="java.runtime.name" value="OpenJDK Runtime Environment"/><property name="idea.runid" value="2017.2"/><property name="sun.boot.library.path" value="/usr/lib/jvm/java-8-openjdk-amd64/jre/lib/amd64"/><property name="java.vm.version" value="25.162-b12"/><property name="java.vm.vendor" value="Oracle Corporation"/><property name="java.vendor.url" value="http://java.oracle.com/"/><property name="path.separator" value=":"/><property name="java.vm.name" value="OpenJDK 64-Bit Server VM"/><property name="file.encoding.pkg" value="sun.io"/><property name="user.country" value="US"/><property name="sun.java.launcher" value="SUN_STANDARD"/><property name="sun.os.patch.level" value="unknown"/><property name="java.vm.specification.name" value="Java Virtual Machine Specification"/><property name="user.dir" value="/home/naseem/Documents/SFreely NEW/CrossCompilePlatforms3June"/><property name="java.runtime.version" value="1.8.0_162-8u162-b12-0ubuntu0.16.04.2-b12"/><property name="java.awt.graphicsenv" value="sun.awt.X11GraphicsEnvironment"/><property name="idea.managed" value="true"/><property name="java.endorsed.dirs" value="/usr/lib/jvm/java-8-openjdk-amd64/jre/lib/endorsed"/><property name="os.arch" value="amd64"/><property name="java.io.tmpdir" value="/tmp"/><property name="line.separator" value="
"/><property name="java.vm.specification.vendor" value="Oracle Corporation"/><property name="os.name" value="Linux"/><property name="sun.jnu.encoding" value="UTF-8"/><property name="java.library.path" value="/usr/java/packages/lib/amd64:/usr/lib/x86_64-linux-gnu/jni:/lib/x86_64-linux-gnu:/usr/lib/x86_64-linux-gnu:/usr/lib/jni:/lib:/usr/lib"/><property name="java.specification.name" value="Java Platform API Specification"/><property name="java.class.version" value="52.0"/><property name="sun.management.compiler" value="HotSpot 64-Bit Tiered Compilers"/><property name="os.version" value="4.4.0-47-generic"/><property name="user.home" value="/root"/><property name="user.timezone" value="Asia/Amman"/><property name="java.awt.printerjob" value="sun.print.PSPrinterJob"/><property name="com.android.tools.lint.bindir" value="/home/naseem/Android/Sdk/tools"/><property name="file.encoding" value="UTF-8"/><property name="java.specification.version" value="1.8"/><property name="xsbt.skip.cp.lookup" value="true"/><property name="java.class.path" value="/root/.IdeaIC2017.3/config/plugins/Scala/launcher/sbt-launch.jar"/><property name="user.name" value="root"/><property name="jline.shutdownhook" value="false"/><property name="java.vm.specification.version" value="1.8"/><property name="sun.java.command" value="/root/.IdeaIC2017.3/config/plugins/Scala/launcher/sbt-launch.jar idea-shell"/><property name="java.home" value="/usr/lib/jvm/java-8-openjdk-amd64/jre"/><property name="sun.arch.data.model" value="64"/><property name="user.language" value="en"/><property name="java.specification.vendor" value="Oracle Corporation"/><property name="awt.toolkit" value="sun.awt.X11.XToolkit"/><property name="java.vm.info" value="mixed mode"/><property name="java.version" value="1.8.0_162"/><property name="java.ext.dirs" value="/usr/lib/jvm/java-8-openjdk-amd64/jre/lib/ext:/usr/java/packages/lib/ext"/><property name="sun.boot.class.path" value="/usr/lib/jvm/java-8-openjdk-amd64/jre/lib/resources.jar:/usr/lib/jvm/java-8-openjdk-amd64/jre/lib/rt.jar:/usr/lib/jvm/java-8-openjdk-amd64/jre/lib/sunrsasign.jar:/usr/lib/jvm/java-8-openjdk-amd64/jre/lib/jsse.jar:/usr/lib/jvm/java-8-openjdk-amd64/jre/lib/jce.jar:/usr/lib/jvm/java-8-openjdk-amd64/jre/lib/charsets.jar:/usr/lib/jvm/java-8-openjdk-amd64/jre/lib/jfr.jar:/usr/lib/jvm/java-8-openjdk-amd64/jre/classes"/><property name="java.vendor" value="Oracle Corporation"/><property name="file.separator" value="/"/><property name="java.vendor.url.bug" value="http://bugreport.sun.com/bugreport/"/><property name="sun.io.unicode.encoding" value="UnicodeLittle"/><property name="sun.cpu.endian" value="little"/><property name="sun.cpu.isalist" value=""/>
    </properties>
                     <testcase classname="tests.JsTest" name="it should be true" time="0.004">
                                                 <failure message="TypeError: (0 , $m_Lorg_querki_jquery_package$(...).$$$1) is not a function" type="org.scalajs.testcommon.Serializer$ThrowableSerializer$$anon$1">scala.scalajs.js.JavaScriptException: TypeError: (0 , $m_Lorg_querki_jquery_package$(...).$$$1) is not a function
	at &lt;jscode&gt;.{anonymous}()(/home/naseem/Documents/SFreely NEW/CrossCompilePlatforms3June/myProject/js/target/scala-2.11/myproject-test-fastopt.js:60294)
	at scala.scalajs.runtime.AnonFunction0.apply(/home/naseem/Documents/SFreely NEW/CrossCompilePlatforms3June/myProject/js/target/scala-2.11/myproject-test-fastopt.js:33446)
	at org.scalatest.OutcomeOf$class.outcomeOf(/home/naseem/Documents/SFreely NEW/CrossCompilePlatforms3June/myProject/js/target/scala-2.11/myproject-test-fastopt.js:3002)
	at org.scalatest.Transformer.apply(/home/naseem/Documents/SFreely NEW/CrossCompilePlatforms3June/myProject/js/target/scala-2.11/myproject-test-fastopt.js:43470)
	at org.scalatest.FlatSpecLike$$anon$1.apply(/home/naseem/Documents/SFreely NEW/CrossCompilePlatforms3June/myProject/js/target/scala-2.11/myproject-test-fastopt.js:34513)
	at org.scalatest.FlatSpecLike$class.invokeWithFixture$1(/home/naseem/Documents/SFreely NEW/CrossCompilePlatforms3June/myProject/js/target/scala-2.11/myproject-test-fastopt.js:1891)
	at org.scalatest.FlatSpecLike$class.runTest(/home/naseem/Documents/SFreely NEW/CrossCompilePlatforms3June/myProject/js/target/scala-2.11/myproject-test-fastopt.js:1780)
	at &lt;jscode&gt;.{anonymous}()(/home/naseem/Documents/SFreely NEW/CrossCompilePlatforms3June/myProject/js/target/scala-2.11/myproject-test-fastopt.js:1898)
	at scala.scalajs.runtime.AnonFunction2.apply(/home/naseem/Documents/SFreely NEW/CrossCompilePlatforms3June/myProject/js/target/scala-2.11/myproject-test-fastopt.js:33506)
	at org.scalatest.Engine.traverseSubNodes$1(/home/naseem/Documents/SFreely NEW/CrossCompilePlatforms3June/myProject/js/target/scala-2.11/myproject-test-fastopt.js:12487)
</failure>
                                               </testcase>
                     <system-out></system-out>
                     <system-err></system-err>
                   </testsuite>