<?xml version='1.0' encoding='UTF-8'?>
<testsuite hostname="naseem-Satellite-C850-B177" name="tests.JsTest" tests="1" errors="0" failures="1" skipped="0" time="0.004">
                     <properties>
[...]
</properties>
                     <testcase classname="tests.JsTest" name="it should be true" time="0.004">
                                                 <failure message="TypeError: (0 , $m_Lorg_querki_jquery_package$(...).$$$1) is not a function" type="org.scalajs.testcommon.Serializer$ThrowableSerializer$$anon$1">scala.scalajs.js.JavaScriptException: TypeError: (0 , $m_Lorg_querki_jquery_package$(...).$$$1) is not a function
	at &lt;jscode&gt;.{anonymous}()(/home/naseem/Documents/SFreely NEW/CrossCompilePlatforms3June/myProject/js/target/scala-2.11/myproject-test-fastopt.js:60294)
	at scala.scalajs.runtime.AnonFunction0.apply(/home/naseem/Documents/SFreely NEW/CrossCompilePlatforms3June/myProject/js/target/scala-2.11/myproject-test-fastopt.js:33446)
	at org.scalatest.OutcomeOf$class.outcomeOf(/home/naseem/Documents/SFreely NEW/CrossCompilePlatforms3June/myProject/js/target/scala-2.11/myproject-test-fastopt.js:3002)
	at org.scalatest.Transformer.apply(/home/naseem/Documents/SFreely NEW/CrossCompilePlatforms3June/myProject/js/target/scala-2.11/myproject-test-fastopt.js:43470)
	at org.scalatest.FlatSpecLike$$anon$1.apply(/home/naseem/Documents/SFreely NEW/CrossCompilePlatforms3June/myProject/js/target/scala-2.11/myproject-test-fastopt.js:34513)
	at org.scalatest.FlatSpecLike$class.invokeWithFixture$1(/home/naseem/Documents/SFreely NEW/CrossCompilePlatforms3June/myProject/js/target/scala-2.11/myproject-test-fastopt.js:1891)
	at org.scalatest.FlatSpecLike$class.runTest(/home/naseem/Documents/SFreely NEW/CrossCompilePlatforms3June/myProject/js/target/scala-2.11/myproject-test-fastopt.js:1780)
	at &lt;jscode&gt;.{anonymous}()(/home/naseem/Documents/SFreely NEW/CrossCompilePlatforms3June/myProject/js/target/scala-2.11/myproject-test-fastopt.js:1898)
	at scala.scalajs.runtime.AnonFunction2.apply(/home/naseem/Documents/SFreely NEW/CrossCompilePlatforms3June/myProject/js/target/scala-2.11/myproject-test-fastopt.js:33506)
	at org.scalatest.Engine.traverseSubNodes$1(/home/naseem/Documents/SFreely NEW/CrossCompilePlatforms3June/myProject/js/target/scala-2.11/myproject-test-fastopt.js:12487)
</failure>
                                               </testcase>
                     <system-out></system-out>
                     <system-err></system-err>
                   </testsuite>